Feb 24 16:50:34 Installed: ctags-5.6-1.1.x86_64
Jun 16 14:08:03 Updated: tcl-8.4.13-6.el5.x86_64
Jun 16 14:08:04 Installed: tcl-8.4.13-6.el5.i386
Jun 16 14:08:05 Installed: expect-5.43.0-8.el5.i386
Jun 16 14:08:05 Installed: expect-5.43.0-8.el5.x86_64
Jun 19 11:55:55 Updated: pcsc-lite-libs-1.4.4-4.el5_5.x86_64
Jun 19 11:55:55 Installed: libical-0.48-1.el5.x86_64
Jun 19 11:55:56 Installed: libical-0.48-1.el5.i386
Jun 19 11:55:56 Installed: pcsc-lite-libs-1.4.4-4.el5_5.i386
Jun 19 11:55:57 Installed: libXpm-3.5.5-3.i386
Jun 19 11:55:58 Installed: bluez-libs-3.7-1.1.i386
Jun 19 11:56:00 Installed: gnokii-0.6.30-1.el5.x86_64
Jun 19 11:56:01 Installed: gnokii-0.6.30-1.el5.i386
Jun 19 11:57:32 Installed: gnokii-smsd-0.6.30-1.el5.x86_64
Jun 19 11:57:32 Installed: gnokii-smsd-pgsql-0.6.30-1.el5.x86_64
Jun 19 11:57:32 Installed: gnokii-devel-0.6.30-1.el5.x86_64
Jun 19 11:57:32 Installed: gnokii-smsd-sqlite-0.6.30-1.el5.x86_64
Jun 19 11:57:33 Installed: gnokii-smsd-mysql-0.6.30-1.el5.x86_64
Jun 19 11:57:33 Installed: gnokii-devel-0.6.30-1.el5.i386
Jul 07 23:13:43 Installed: 2:nmap-4.11-2.x86_64
Aug 05 16:09:17 Installed: ncurses-devel-5.5-24.20060715.i386
Aug 05 16:09:19 Installed: ncurses-devel-5.5-24.20060715.x86_64
Aug 17 22:54:24 Installed: 2:xinetd-2.3.14-17.el5.x86_64
Aug 17 22:54:24 Installed: tftp-server-0.49-2.el5.centos.x86_64
Aug 19 10:16:37 Updated: pcre-6.6-6.el5_6.1.x86_64
Aug 19 10:16:38 Installed: pcre-6.6-6.el5_6.1.i386
Aug 19 10:16:38 Installed: pcre-devel-6.6-6.el5_6.1.i386
Aug 19 10:16:39 Installed: pcre-devel-6.6-6.el5_6.1.x86_64
Sep 05 13:12:53 Installed: libxml2-devel-2.6.26-2.1.21.el5_9.3.x86_64
Sep 05 13:12:54 Installed: libxml2-devel-2.6.26-2.1.21.el5_9.3.i386
Sep 11 21:42:17 Installed: inotify-tools-3.14-1.el5.x86_64
Sep 11 21:42:18 Installed: inotify-tools-3.14-1.el5.i386
Sep 22 14:03:51 Installed: xorg-x11-drv-qxl-0.0.12-2.el5.x86_64
Sep 22 14:03:51 Updated: xorg-x11-drivers-7.1-4.2.el5.x86_64
Sep 22 14:04:19 Updated: 1:gdm-2.16.0-59.el5.centos.1.x86_64
Oct 13 14:27:22 Installed: openldap-clients-2.3.43-25.el5_8.1.x86_64
Oct 13 14:29:13 Installed: openldap-servers-2.3.43-25.el5_8.1.x86_64
Oct 13 14:29:13 Installed: openldap-servers-2.3.43-25.el5_8.1.x86_64
Oct 21 15:20:16 Installed: tinyproxy-1.6.5-1.el5.x86_64
Nov 20 00:02:46 Updated: 4:perl-5.8.8-41.el5.x86_64
Nov 20 00:02:47 Installed: 4:perl-suidperl-5.8.8-41.el5.x86_64
